<?xml version="1.0" encoding="UTF-8"?>
<testsuite xmlns:xsi="http://www.w3.org/2001/XMLSchema-instance" xsi:noNamespaceSchemaLocation="https://maven.apache.org/surefire/maven-surefire-plugin/xsd/surefire-test-report.xsd" name="ContactManagerTest" time="0.484" tests="21" errors="2" skipped="1" failures="0">
  <properties>
[...]
</properties>
  <testcase name="shouldValidatePhoneNumberFormat" classname="ContactManagerTest" time="0.109"/>
  <testcase name="shouldValidatePhoneNumberFormat[1]" classname="ContactManagerTest" time="0.031"/>
  <testcase name="shouldValidatePhoneNumberFormat[2]" classname="ContactManagerTest" time="0"/>
  <testcase name="shouldValidatePhoneNumberFormat[3]" classname="ContactManagerTest" time="0"/>
  <testcase name="shouldThrowRunTimeExceptionWhenLastNameIsNull" classname="ContactManagerTest" time="0"/>
  <testcase name="shouldTestCreationOnlyOnDEV" classname="ContactManagerTest" time="0">
    <skipped message="Assumption failed: assumption is not true" type="org.opentest4j.TestAbortedException">org.opentest4j.TestAbortedException: Assumption failed: assumption is not true
	at ContactManagerTest.shouldTestCreationOnlyOnDEV(ContactManagerTest.java:60)
</skipped>
    <system-out><![CDATA[Creating Contact manager instance before test execution
Executes after each test
]]></system-out>
  </testcase>
  <testcase name="shouldThrowRunTimeExceptionWhenFirstNameIsNull" classname="ContactManagerTest" time="0.031"/>
  <testcase name="shouldThrowRunTimeExceptionWhenPhoneNumberIsNull" classname="ContactManagerTest" time="0"/>
  <testcase name="shouldCreateContact" classname="ContactManagerTest" time="0.016"/>
  <testcase name="shouldCreateContact[1]" classname="ContactManagerTest" time="0.016"/>
  <testcase name="shouldCreateContact[2]" classname="ContactManagerTest" time="0.031"/>
  <testcase name="shouldCreateContact[3]" classname="ContactManagerTest" time="0"/>
  <testcase name="shouldTestPhoneNumberFormatUsingCSVFileSource{String}[1]" classname="ContactManagerTest$ParameterizedTests" time="0"/>
  <testcase name="shouldTestPhoneNumberFormatUsingCSVFileSource{String}[2]" classname="ContactManagerTest$ParameterizedTests" time="0.016">
    <error message="Phone Number should  start with 0" type="java.lang.RuntimeException">java.lang.RuntimeException: Phone Number should  start with 0
	at ContactManagerTest$ParameterizedTests.shouldTestPhoneNumberFormatUsingCSVFileSource(ContactManagerTest.java:98)
</error>
    <system-out><![CDATA[Creating Contact manager instance before test execution
Executes after each test
]]></system-out>
  </testcase>
  <testcase name="shouldTestPhoneNumberFormatUsingCSVFileSource{String}[3]" classname="ContactManagerTest$ParameterizedTests" time="0.015">
    <error message="Phone Number must contain 10 digits" type="java.lang.RuntimeException">java.lang.RuntimeException: Phone Number must contain 10 digits
	at ContactManagerTest$ParameterizedTests.shouldTestPhoneNumberFormatUsingCSVFileSource(ContactManagerTest.java:98)
</error>
    <system-out><![CDATA[Creating Contact manager instance before test execution
Executes after each test
]]></system-out>
  </testcase>
  <testcase name="shouldTestPhoneNumberFormatUsingValueSource{String}[1]" classname="ContactManagerTest$ParameterizedTests" time="0"/>
  <testcase name="shouldTestPhoneNumberFormatUsingValueSource{String}[2]" classname="ContactManagerTest$ParameterizedTests" time="0.016"/>
  <testcase name="shouldTestPhoneNumberFormatUsingValueSource{String}[3]" classname="ContactManagerTest$ParameterizedTests" time="0.015"/>
  <testcase name="shouldTestPhoneNumberFormatUsingCSVSource{String}[1]" classname="ContactManagerTest$ParameterizedTests" time="0"/>
  <testcase name="shouldTestPhoneNumberFormatUsingCSVSource{String}[2]" classname="ContactManagerTest$ParameterizedTests" time="0"/>
  <testcase name="shouldTestPhoneNumberFormatUsingCSVSource{String}[3]" classname="ContactManagerTest$ParameterizedTests" time="0"/>
</testsuite>